0 info it worked if it ends with ok
1 verbose cli [ '/home/eduardo/.nvm/versions/node/v6.17.1/bin/node',
1 verbose cli   '/home/eduardo/.nvm/versions/node/v6.17.1/bin/npm',
1 verbose cli   'start' ]
2 info using npm@3.10.10
3 info using node@v6.17.1
4 verbose run-script [ 'prestart', 'start', 'poststart' ]
5 info lifecycle startbootstrap-new-age@6.0.6~prestart: startbootstrap-new-age@6.0.6
6 silly lifecycle startbootstrap-new-age@6.0.6~prestart: no script for prestart, continuing
7 info lifecycle startbootstrap-new-age@6.0.6~start: startbootstrap-new-age@6.0.6
8 verbose lifecycle startbootstrap-new-age@6.0.6~start: unsafe-perm in lifecycle true
9 verbose lifecycle startbootstrap-new-age@6.0.6~start: PATH: /home/eduardo/.nvm/versions/node/v6.17.1/lib/node_modules/npm/bin/node-gyp-bin:/home/eduardo/Programação/FlixMidia/startbootstrap-new-age/node_modules/.bin:/home/eduardo/.nvm/versions/node/v6.17.1/bin:/home/eduardo/.sdkman/candidates/java/current/bin:/home/eduardo/.sdkman/candidates/grails/current/bin:/usr/local/sbin:/usr/local/bin:/usr/sbin:/usr/bin:/sbin:/bin:/usr/games:/usr/local/games:/snap/bin:/snap/bin:/opt/mssql-tools/bin
10 verbose lifecycle startbootstrap-new-age@6.0.6~start: CWD: /home/eduardo/Programação/FlixMidia/startbootstrap-new-age
11 silly lifecycle startbootstrap-new-age@6.0.6~start: Args: [ '-c', 'npm run build && node scripts/start.js' ]
12 silly lifecycle startbootstrap-new-age@6.0.6~start: Returned: code: 1  signal: null
13 info lifecycle startbootstrap-new-age@6.0.6~start: Failed to exec start script
14 verbose stack Error: startbootstrap-new-age@6.0.6 start: `npm run build && node scripts/start.js`
14 verbose stack Exit status 1
14 verbose stack     at EventEmitter.<anonymous> (/home/eduardo/.nvm/versions/node/v6.17.1/lib/node_modules/npm/lib/utils/lifecycle.js:255:16)
14 verbose stack     at emitTwo (events.js:106:13)
14 verbose stack     at EventEmitter.emit (events.js:191:7)
14 verbose stack     at ChildProcess.<anonymous> (/home/eduardo/.nvm/versions/node/v6.17.1/lib/node_modules/npm/lib/utils/spawn.js:40:14)
14 verbose stack     at emitTwo (events.js:106:13)
14 verbose stack     at ChildProcess.emit (events.js:191:7)
14 verbose stack     at maybeClose (internal/child_process.js:920:16)
14 verbose stack     at Process.ChildProcess._handle.onexit (internal/child_process.js:230:5)
15 verbose pkgid startbootstrap-new-age@6.0.6
16 verbose cwd /home/eduardo/Programação/FlixMidia/startbootstrap-new-age
17 error Linux 5.18.10-76051810-generic
18 error argv "/home/eduardo/.nvm/versions/node/v6.17.1/bin/node" "/home/eduardo/.nvm/versions/node/v6.17.1/bin/npm" "start"
19 error node v6.17.1
20 error npm  v3.10.10
21 error code ELIFECYCLE
22 error startbootstrap-new-age@6.0.6 start: `npm run build && node scripts/start.js`
22 error Exit status 1
23 error Failed at the startbootstrap-new-age@6.0.6 start script 'npm run build && node scripts/start.js'.
23 error Make sure you have the latest version of node.js and npm installed.
23 error If you do, this is most likely a problem with the startbootstrap-new-age package,
23 error not with npm itself.
23 error Tell the author that this fails on your system:
23 error     npm run build && node scripts/start.js
23 error You can get information on how to open an issue for this project with:
23 error     npm bugs startbootstrap-new-age
23 error Or if that isn't available, you can get their info via:
23 error     npm owner ls startbootstrap-new-age
23 error There is likely additional logging output above.
24 verbose exit [ 1, true ]
